0 info it worked if it ends with ok
1 verbose cli [ 'node',
1 verbose cli   '/usr/local/bin/npm',
1 verbose cli   'uninstall',
1 verbose cli   '-g',
1 verbose cli   'grunt-cli',
1 verbose cli   'karma' ]
2 info using npm@1.4.3
3 info using node@v0.10.26
4 info /usr/local/lib/node_modules/grunt-cli unbuild
5 info /usr/local/lib/node_modules/karma unbuild
6 info preuninstall grunt-cli@0.1.13
7 info preuninstall karma@0.12.17
8 info uninstall grunt-cli@0.1.13
9 info uninstall karma@0.12.17
10 verbose true,/usr/local/lib/node_modules,/usr/local/lib/node_modules unbuild grunt-cli@0.1.13
11 verbose /usr/local/bin,[object Object] binRoot
12 verbose true,/usr/local/lib/node_modules,/usr/local/lib/node_modules unbuild karma@0.12.17
13 verbose /usr/local/bin,[object Object] binRoot
14 info postuninstall karma@0.12.17
15 info postuninstall grunt-cli@0.1.13
16 error Error: EACCES, unlink '/usr/local/lib/node_modules/grunt-cli/.npmignore'
16 error  { [Error: EACCES, unlink '/usr/local/lib/node_modules/grunt-cli/.npmignore']
16 error   errno: 3,
16 error   code: 'EACCES',
16 error   path: '/usr/local/lib/node_modules/grunt-cli/.npmignore' }
17 error Please try running this command again as root/Administrator.
18 error System Darwin 13.2.0
19 error command "node" "/usr/local/bin/npm" "uninstall" "-g" "grunt-cli" "karma"
20 error cwd /Users/asaldivar/localism/clique
21 error node -v v0.10.26
22 error npm -v 1.4.3
23 error path /usr/local/lib/node_modules/grunt-cli/.npmignore
24 error code EACCES
25 error errno 3
26 error stack Error: EACCES, unlink '/usr/local/lib/node_modules/grunt-cli/.npmignore'
27 verbose exit [ 3, true ]
